This is pdfTeX, Version 3.141592653-2.6-1.40.22 (TeX Live 2022/dev/Debian) (preloaded format=pdflatex 2023.5.31)  21 JUL 2023 12:49
entering extended mode
 \write18 enabled.
 %&-line parsing enabled.
**analisi_vettoriale.tex
(./analisi_vettoriale.tex
LaTeX2e <2021-11-15> patch level 1
L3 programming layer <2022-01-21>
(/usr/share/texlive/texmf-dist/tex/latex/base/book.cls
Document Class: book 2021/10/04 v1.4n Standard LaTeX document class
(/usr/share/texlive/texmf-dist/tex/latex/base/bk12.clo
File: bk12.clo 2021/10/04 v1.4n Standard LaTeX file (size option)
)
\c@part=\count185
\c@chapter=\count186
\c@section=\count187
\c@subsection=\count188
\c@subsubsection=\count189
\c@paragraph=\count190
\c@subparagraph=\count191
\c@figure=\count192
\c@table=\count193
\abovecaptionskip=\skip47
\belowcaptionskip=\skip48
\bibindent=\dimen138
)
(/usr/share/texlive/texmf-dist/tex/latex/geometry/geometry.sty
Package: geometry 2020/01/02 v5.9 Page Geometry

(/usr/share/texlive/texmf-dist/tex/latex/graphics/keyval.sty
Package: keyval 2014/10/28 v1.15 key=value parser (DPC)
\KV@toks@=\toks16
)
(/usr/share/texlive/texmf-dist/tex/generic/iftex/ifvtex.sty
Package: ifvtex 2019/10/25 v1.7 ifvtex legacy package. Use iftex instead.

(/usr/share/texlive/texmf-dist/tex/generic/iftex/iftex.sty
Package: iftex 2020/03/06 v1.0d TeX engine tests
))
\Gm@cnth=\count194
\Gm@cntv=\count195
\c@Gm@tempcnt=\count196
\Gm@bindingoffset=\dimen139
\Gm@wd@mp=\dimen140
\Gm@odd@mp=\dimen141
\Gm@even@mp=\dimen142
\Gm@layoutwidth=\dimen143
\Gm@layoutheight=\dimen144
\Gm@layouthoffset=\dimen145
\Gm@layoutvoffset=\dimen146
\Gm@dimlist=\toks17
)
(/usr/share/texlive/texmf-dist/tex/latex/base/inputenc.sty
Package: inputenc 2021/02/14 v1.3d Input encoding file
\inpenc@prehook=\toks18
\inpenc@posthook=\toks19
)
(/usr/share/texlive/texmf-dist/tex/latex/graphics/graphicx.sty
Package: graphicx 2021/09/16 v1.2d Enhanced LaTeX Graphics (DPC,SPQR)

(/usr/share/texlive/texmf-dist/tex/latex/graphics/graphics.sty
Package: graphics 2021/03/04 v1.4d Standard LaTeX Graphics (DPC,SPQR)

(/usr/share/texlive/texmf-dist/tex/latex/graphics/trig.sty
Package: trig 2021/08/11 v1.11 sin cos tan (DPC)
)
(/usr/share/texlive/texmf-dist/tex/latex/graphics-cfg/graphics.cfg
File: graphics.cfg 2016/06/04 v1.11 sample graphics configuration
)
Package graphics Info: Driver file: pdftex.def on input line 107.

(/usr/share/texlive/texmf-dist/tex/latex/graphics-def/pdftex.def
File: pdftex.def 2020/10/05 v1.2a Graphics/color driver for pdftex
))
\Gin@req@height=\dimen147
\Gin@req@width=\dimen148
)
(/usr/share/texlive/texmf-dist/tex/latex/braket/braket.sty)
(/usr/share/texlive/texmf-dist/tex/latex/doublestroke/dsfont.sty
Package: dsfont 1995/08/01 v0.1 Double stroke roman fonts
)
(/usr/share/texlive/texmf-dist/tex/latex/amsmath/amsmath.sty
Package: amsmath 2021/10/15 v2.17l AMS math features
\@mathmargin=\skip49

For additional information on amsmath, use the `?' option.
(/usr/share/texlive/texmf-dist/tex/latex/amsmath/amstext.sty
Package: amstext 2021/08/26 v2.01 AMS text

(/usr/share/texlive/texmf-dist/tex/latex/amsmath/amsgen.sty
File: amsgen.sty 1999/11/30 v2.0 generic functions
\@emptytoks=\toks20
\ex@=\dimen149
))
(/usr/share/texlive/texmf-dist/tex/latex/amsmath/amsbsy.sty
Package: amsbsy 1999/11/29 v1.2d Bold Symbols
\pmbraise@=\dimen150
)
(/usr/share/texlive/texmf-dist/tex/latex/amsmath/amsopn.sty
Package: amsopn 2021/08/26 v2.02 operator names
)
\inf@bad=\count197
LaTeX Info: Redefining \frac on input line 234.
\uproot@=\count198
\leftroot@=\count199
LaTeX Info: Redefining \overline on input line 399.
\classnum@=\count266
\DOTSCASE@=\count267
LaTeX Info: Redefining \ldots on input line 496.
LaTeX Info: Redefining \dots on input line 499.
LaTeX Info: Redefining \cdots on input line 620.
\Mathstrutbox@=\box50
\strutbox@=\box51
\big@size=\dimen151
LaTeX Font Info:    Redeclaring font encoding OML on input line 743.
LaTeX Font Info:    Redeclaring font encoding OMS on input line 744.
\macc@depth=\count268
\c@MaxMatrixCols=\count269
\dotsspace@=\muskip16
\c@parentequation=\count270
\dspbrk@lvl=\count271
\tag@help=\toks21
\row@=\count272
\column@=\count273
\maxfields@=\count274
\andhelp@=\toks22
\eqnshift@=\dimen152
\alignsep@=\dimen153
\tagshift@=\dimen154
\tagwidth@=\dimen155
\totwidth@=\dimen156
\lineht@=\dimen157
\@envbody=\toks23
\multlinegap=\skip50
\multlinetaggap=\skip51
\mathdisplay@stack=\toks24
LaTeX Info: Redefining \[ on input line 2938.
LaTeX Info: Redefining \] on input line 2939.
)
(/usr/share/texlive/texmf-dist/tex/latex/mathtools/mathtools.sty
Package: mathtools 2021/02/02 v1.28 mathematical typesetting tools

(/usr/share/texlive/texmf-dist/tex/latex/tools/calc.sty
Package: calc 2017/05/25 v4.3 Infix arithmetic (KKT,FJ)
\calc@Acount=\count275
\calc@Bcount=\count276
\calc@Adimen=\dimen158
\calc@Bdimen=\dimen159
\calc@Askip=\skip52
\calc@Bskip=\skip53
LaTeX Info: Redefining \setlength on input line 80.
LaTeX Info: Redefining \addtolength on input line 81.
\calc@Ccount=\count277
\calc@Cskip=\skip54
)
(/usr/share/texlive/texmf-dist/tex/latex/mathtools/mhsetup.sty
Package: mhsetup 2021/03/18 v1.4 programming setup (MH)
)
\g_MT_multlinerow_int=\count278
\l_MT_multwidth_dim=\dimen160
\origjot=\skip55
\l_MT_shortvdotswithinadjustabove_dim=\dimen161
\l_MT_shortvdotswithinadjustbelow_dim=\dimen162
\l_MT_above_intertext_sep=\dimen163
\l_MT_below_intertext_sep=\dimen164
\l_MT_above_shortintertext_sep=\dimen165
\l_MT_below_shortintertext_sep=\dimen166
\xmathstrut@box=\box52
\xmathstrut@dim=\dimen167
)
(/usr/share/texlive/texmf-dist/tex/latex/cancel/cancel.sty
Package: cancel 2013/04/12 v2.2 Cancel math terms
)
(/usr/share/texlive/texmf-dist/tex/latex/bbold/bbold.sty
Package: bbold 1994/04/06 Bbold symbol package
)
(/usr/share/texlive/texmf-dist/tex/latex/titlepic/titlepic.sty
Package: titlepic 2017/03/14 1.2 Package to display a picture on the title page

)
(/usr/share/texlive/texmf-dist/tex/latex/amsfonts/amssymb.sty
Package: amssymb 2013/01/14 v3.01 AMS font symbols

(/usr/share/texlive/texmf-dist/tex/latex/amsfonts/amsfonts.sty
Package: amsfonts 2013/01/14 v3.01 Basic AMSFonts support
\symAMSa=\mathgroup4
\symAMSb=\mathgroup5
LaTeX Font Info:    Redeclaring math symbol \hbar on input line 98.
LaTeX Font Info:    Overwriting math alphabet `\mathfrak' in version `bold'
(Font)                  U/euf/m/n --> U/euf/b/n on input line 106.
))
(/usr/share/texlive/texmf-dist/tex/latex/amscls/amsthm.sty
Package: amsthm 2020/05/29 v2.20.6
\thm@style=\toks25
\thm@bodyfont=\toks26
\thm@headfont=\toks27
\thm@notefont=\toks28
\thm@headpunct=\toks29
\thm@preskip=\skip56
\thm@postskip=\skip57
\thm@headsep=\skip58
\dth@everypar=\toks30
)
(/usr/share/texlive/texmf-dist/tex/latex/hyperref/hyperref.sty
Package: hyperref 2021-06-07 v7.00m Hypertext links for LaTeX

(/usr/share/texlive/texmf-dist/tex/generic/ltxcmds/ltxcmds.sty
Package: ltxcmds 2020-05-10 v1.25 LaTeX kernel commands for general use (HO)
)
(/usr/share/texlive/texmf-dist/tex/generic/pdftexcmds/pdftexcmds.sty
Package: pdftexcmds 2020-06-27 v0.33 Utility functions of pdfTeX for LuaTeX (HO
)

(/usr/share/texlive/texmf-dist/tex/generic/infwarerr/infwarerr.sty
Package: infwarerr 2019/12/03 v1.5 Providing info/warning/error messages (HO)
)
Package pdftexcmds Info: \pdf@primitive is available.
Package pdftexcmds Info: \pdf@ifprimitive is available.
Package pdftexcmds Info: \pdfdraftmode found.
)
(/usr/share/texlive/texmf-dist/tex/generic/kvsetkeys/kvsetkeys.sty
Package: kvsetkeys 2019/12/15 v1.18 Key value parser (HO)
)
(/usr/share/texlive/texmf-dist/tex/generic/kvdefinekeys/kvdefinekeys.sty
Package: kvdefinekeys 2019-12-19 v1.6 Define keys (HO)
)
(/usr/share/texlive/texmf-dist/tex/generic/pdfescape/pdfescape.sty
Package: pdfescape 2019/12/09 v1.15 Implements pdfTeX's escape features (HO)
)
(/usr/share/texlive/texmf-dist/tex/latex/hycolor/hycolor.sty
Package: hycolor 2020-01-27 v1.10 Color options for hyperref/bookmark (HO)
)
(/usr/share/texlive/texmf-dist/tex/latex/letltxmacro/letltxmacro.sty
Package: letltxmacro 2019/12/03 v1.6 Let assignment for LaTeX macros (HO)
)
(/usr/share/texlive/texmf-dist/tex/latex/auxhook/auxhook.sty
Package: auxhook 2019-12-17 v1.6 Hooks for auxiliary files (HO)
)
(/usr/share/texlive/texmf-dist/tex/latex/kvoptions/kvoptions.sty
Package: kvoptions 2020-10-07 v3.14 Key value format for package options (HO)
)
\@linkdim=\dimen168
\Hy@linkcounter=\count279
\Hy@pagecounter=\count280

(/usr/share/texlive/texmf-dist/tex/latex/hyperref/pd1enc.def
File: pd1enc.def 2021-06-07 v7.00m Hyperref: PDFDocEncoding definition (HO)
Now handling font encoding PD1 ...
... no UTF-8 mapping file for font encoding PD1
)
(/usr/share/texlive/texmf-dist/tex/latex/hyperref/hyperref-langpatches.def
File: hyperref-langpatches.def 2021-06-07 v7.00m Hyperref: patches for babel la
nguages
)
(/usr/share/texlive/texmf-dist/tex/generic/intcalc/intcalc.sty
Package: intcalc 2019/12/15 v1.3 Expandable calculations with integers (HO)
)
(/usr/share/texlive/texmf-dist/tex/generic/etexcmds/etexcmds.sty
Package: etexcmds 2019/12/15 v1.7 Avoid name clashes with e-TeX commands (HO)
)
\Hy@SavedSpaceFactor=\count281

(/usr/share/texlive/texmf-dist/tex/latex/hyperref/puenc.def
File: puenc.def 2021-06-07 v7.00m Hyperref: PDF Unicode definition (HO)
Now handling font encoding PU ...
... no UTF-8 mapping file for font encoding PU
)
Package hyperref Info: Hyper figures OFF on input line 4192.
Package hyperref Info: Link nesting OFF on input line 4197.
Package hyperref Info: Hyper index ON on input line 4200.
Package hyperref Info: Plain pages OFF on input line 4207.
Package hyperref Info: Backreferencing OFF on input line 4212.
Package hyperref Info: Implicit mode ON; LaTeX internals redefined.
Package hyperref Info: Bookmarks ON on input line 4445.
\c@Hy@tempcnt=\count282

(/usr/share/texlive/texmf-dist/tex/latex/url/url.sty
\Urlmuskip=\muskip17
Package: url 2013/09/16  ver 3.4  Verb mode for urls, etc.
)
LaTeX Info: Redefining \url on input line 4804.
\XeTeXLinkMargin=\dimen169

(/usr/share/texlive/texmf-dist/tex/generic/bitset/bitset.sty
Package: bitset 2019/12/09 v1.3 Handle bit-vector datatype (HO)

(/usr/share/texlive/texmf-dist/tex/generic/bigintcalc/bigintcalc.sty
Package: bigintcalc 2019/12/15 v1.5 Expandable calculations on big integers (HO
)
))
\Fld@menulength=\count283
\Field@Width=\dimen170
\Fld@charsize=\dimen171
Package hyperref Info: Hyper figures OFF on input line 6076.
Package hyperref Info: Link nesting OFF on input line 6081.
Package hyperref Info: Hyper index ON on input line 6084.
Package hyperref Info: backreferencing OFF on input line 6091.
Package hyperref Info: Link coloring OFF on input line 6096.
Package hyperref Info: Link coloring with OCG OFF on input line 6101.
Package hyperref Info: PDF/A mode OFF on input line 6106.
LaTeX Info: Redefining \ref on input line 6146.
LaTeX Info: Redefining \pageref on input line 6150.

(/usr/share/texlive/texmf-dist/tex/latex/base/atbegshi-ltx.sty
Package: atbegshi-ltx 2021/01/10 v1.0c Emulation of the original atbegshi
package with kernel methods
)
\Hy@abspage=\count284
\c@Item=\count285
\c@Hfootnote=\count286
)
Package hyperref Info: Driver (autodetected): hpdftex.

(/usr/share/texlive/texmf-dist/tex/latex/hyperref/hpdftex.def
File: hpdftex.def 2021-06-07 v7.00m Hyperref driver for pdfTeX

(/usr/share/texlive/texmf-dist/tex/latex/base/atveryend-ltx.sty
Package: atveryend-ltx 2020/08/19 v1.0a Emulation of the original atveryend pac
kage
with kernel methods
)
\Fld@listcount=\count287
\c@bookmark@seq@number=\count288

(/usr/share/texlive/texmf-dist/tex/latex/rerunfilecheck/rerunfilecheck.sty
Package: rerunfilecheck 2019/12/05 v1.9 Rerun checks for auxiliary files (HO)

(/usr/share/texlive/texmf-dist/tex/generic/uniquecounter/uniquecounter.sty
Package: uniquecounter 2019/12/15 v1.4 Provide unlimited unique counter (HO)
)
Package uniquecounter Info: New unique counter `rerunfilecheck' on input line 2
86.
)
\Hy@SectionHShift=\skip59
)
(/usr/share/texlive/texmf-dist/tex/latex/l3backend/l3backend-pdftex.def
File: l3backend-pdftex.def 2022-01-12 L3 backend support: PDF output (pdfTeX)
\l__color_backend_stack_int=\count289
\l__pdf_internal_box=\box53
)
(./analisi_vettoriale.aux (./TeX_files/chapter01.aux)
(./TeX_files/chapter02.aux

LaTeX Warning: Label `fig:my-label' multiply defined.


LaTeX Warning: Label `fig:my-label' multiply defined.


LaTeX Warning: Label `fig:my-label' multiply defined.

) (./TeX_files/chapter03.aux

LaTeX Warning: Label `fig:my-label' multiply defined.


LaTeX Warning: Label `fig:my-label' multiply defined.


LaTeX Warning: Label `fig:my-label' multiply defined.


LaTeX Warning: Label `fig:my-label' multiply defined.


LaTeX Warning: Label `fig:my-label' multiply defined.


LaTeX Warning: Label `fig:my-label' multiply defined.


LaTeX Warning: Label `fig:my-label' multiply defined.


LaTeX Warning: Label `fig:my-label' multiply defined.


LaTeX Warning: Label `fig:my-label' multiply defined.


LaTeX Warning: Label `fig:my-label' multiply defined.

) (./TeX_files/chapter04.aux

LaTeX Warning: Label `fig:my-label' multiply defined.


LaTeX Warning: Label `fig:my-label' multiply defined.

) (./TeX_files/chapter05.aux

LaTeX Warning: Label `fig:my-label' multiply defined.


LaTeX Warning: Label `fig:my-label' multiply defined.


LaTeX Warning: Label `fig:my-label' multiply defined.

))
\openout1 = `analisi_vettoriale.aux'.

LaTeX Font Info:    Checking defaults for OML/cmm/m/it on input line 161.
LaTeX Font Info:    ... okay on input line 161.
LaTeX Font Info:    Checking defaults for OMS/cmsy/m/n on input line 161.
LaTeX Font Info:    ... okay on input line 161.
LaTeX Font Info:    Checking defaults for OT1/cmr/m/n on input line 161.
LaTeX Font Info:    ... okay on input line 161.
LaTeX Font Info:    Checking defaults for T1/cmr/m/n on input line 161.
LaTeX Font Info:    ... okay on input line 161.
LaTeX Font Info:    Checking defaults for TS1/cmr/m/n on input line 161.
LaTeX Font Info:    ... okay on input line 161.
LaTeX Font Info:    Checking defaults for OMX/cmex/m/n on input line 161.
LaTeX Font Info:    ... okay on input line 161.
LaTeX Font Info:    Checking defaults for U/cmr/m/n on input line 161.
LaTeX Font Info:    ... okay on input line 161.
LaTeX Font Info:    Checking defaults for PD1/pdf/m/n on input line 161.
LaTeX Font Info:    ... okay on input line 161.
LaTeX Font Info:    Checking defaults for PU/pdf/m/n on input line 161.
LaTeX Font Info:    ... okay on input line 161.

*geometry* driver: auto-detecting
*geometry* detected driver: pdftex
*geometry* verbose mode - [ preamble ] result:
* driver: pdftex
* paper: a4paper
* layout: <same size as paper>
* layoutoffset:(h,v)=(0.0pt,0.0pt)
* modes: twoside 
* h-part:(L,W,R)=(36.135pt, 525.23788pt, 36.135pt)
* v-part:(T,H,B)=(36.135pt, 772.77686pt, 36.135pt)
* \paperwidth=597.50787pt
* \paperheight=845.04684pt
* \textwidth=525.23788pt
* \textheight=772.77686pt
* \oddsidemargin=-36.135pt
* \evensidemargin=-36.135pt
* \topmargin=-68.00879pt
* \headheight=12.0pt
* \headsep=19.8738pt
* \topskip=12.0pt
* \footskip=30.0pt
* \marginparwidth=88.0pt
* \marginparsep=7.0pt
* \columnsep=10.0pt
* \skip\footins=10.8pt plus 4.0pt minus 2.0pt
* \hoffset=0.0pt
* \voffset=0.0pt
* \mag=1000
* \@twocolumnfalse
* \@twosidetrue
* \@mparswitchtrue
* \@reversemarginfalse
* (1in=72.27pt=25.4mm, 1cm=28.453pt)

(/usr/share/texlive/texmf-dist/tex/context/base/mkii/supp-pdf.mkii
[Loading MPS to PDF converter (version 2006.09.02).]
\scratchcounter=\count290
\scratchdimen=\dimen172
\scratchbox=\box54
\nofMPsegments=\count291
\nofMParguments=\count292
\everyMPshowfont=\toks31
\MPscratchCnt=\count293
\MPscratchDim=\dimen173
\MPnumerator=\count294
\makeMPintoPDFobject=\count295
\everyMPtoPDFconversion=\toks32
) (/usr/share/texlive/texmf-dist/tex/latex/epstopdf-pkg/epstopdf-base.sty
Package: epstopdf-base 2020-01-24 v2.11 Base part for package epstopdf
Package epstopdf-base Info: Redefining graphics rule for `.eps' on input line 4
85.

(/usr/share/texlive/texmf-dist/tex/latex/latexconfig/epstopdf-sys.cfg
File: epstopdf-sys.cfg 2010/07/13 v1.3 Configuration of (r)epstopdf for TeX Liv
e
))
Package hyperref Info: Link coloring OFF on input line 161.

(/usr/share/texlive/texmf-dist/tex/latex/hyperref/nameref.sty
Package: nameref 2021-04-02 v2.47 Cross-referencing by name of section

(/usr/share/texlive/texmf-dist/tex/latex/refcount/refcount.sty
Package: refcount 2019/12/15 v3.6 Data extraction from label references (HO)
)
(/usr/share/texlive/texmf-dist/tex/generic/gettitlestring/gettitlestring.sty
Package: gettitlestring 2019/12/15 v1.6 Cleanup title references (HO)
)
\c@section@level=\count296
)
LaTeX Info: Redefining \ref on input line 161.
LaTeX Info: Redefining \pageref on input line 161.
LaTeX Info: Redefining \nameref on input line 161.

(./analisi_vettoriale.out) (./analisi_vettoriale.out)
\@outlinefile=\write3
\openout3 = `analisi_vettoriale.out'.

LaTeX Font Info:    Trying to load font information for U+msa on input line 175
.

(/usr/share/texlive/texmf-dist/tex/latex/amsfonts/umsa.fd
File: umsa.fd 2013/01/14 v3.01 AMS symbols A
)
LaTeX Font Info:    Trying to load font information for U+msb on input line 175
.

(/usr/share/texlive/texmf-dist/tex/latex/amsfonts/umsb.fd
File: umsb.fd 2013/01/14 v3.01 AMS symbols B
)
<images/genius_by_lunarisfuryaileron_d2qp8sd-fullview.jpg, id=631, 602.25pt x 6
02.25pt>
File: images/genius_by_lunarisfuryaileron_d2qp8sd-fullview.jpg Graphic file (ty
pe jpg)
<use images/genius_by_lunarisfuryaileron_d2qp8sd-fullview.jpg>
Package pdftex.def Info: images/genius_by_lunarisfuryaileron_d2qp8sd-fullview.j
pg  used on input line 175.
(pdftex.def)             Requested size: 420.19191pt x 420.21207pt.
 [1



{/var/lib/texmf/fonts/map/pdftex/updmap/pdftex.map} <./images/genius_by_lunaris
furyaileron_d2qp8sd-fullview.jpg>] [2

] (./analisi_vettoriale.toc [3]
LaTeX Font Info:    Trying to load font information for U+bbold on input line 6
0.

(/usr/share/texlive/texmf-dist/tex/latex/bbold/Ubbold.fd) [4] [5])
\tf@toc=\write4
\openout4 = `analisi_vettoriale.toc'.

 [6]
\openout2 = `./TeX_files/chapter01.aux'.


(./TeX_files/chapter01.tex
Chapter 1.
[1



] [2] [3] [4] [5] [6]

Package hyperref Warning: Token not allowed in a PDF string (Unicode):
(hyperref)                removing `math shift' on input line 350.


Package hyperref Warning: Token not allowed in a PDF string (Unicode):
(hyperref)                removing `\@@underline' on input line 350.


Package hyperref Warning: Token not allowed in a PDF string (Unicode):
(hyperref)                removing `\hbox' on input line 350.


Package hyperref Warning: Token not allowed in a PDF string (Unicode):
(hyperref)                removing `\mathsurround' on input line 350.


Package hyperref Warning: Token not allowed in a PDF string (Unicode):
(hyperref)                removing `\z@' on input line 350.


Package hyperref Warning: Token not allowed in a PDF string (Unicode):
(hyperref)                removing `math shift' on input line 350.


Package hyperref Warning: Token not allowed in a PDF string (Unicode):
(hyperref)                removing `math shift' on input line 370.


Package hyperref Warning: Token not allowed in a PDF string (Unicode):
(hyperref)                removing `superscript' on input line 370.


Package hyperref Warning: Token not allowed in a PDF string (Unicode):
(hyperref)                removing `\cdot' on input line 370.


Package hyperref Warning: Token not allowed in a PDF string (Unicode):
(hyperref)                removing `subscript' on input line 370.


Package hyperref Warning: Token not allowed in a PDF string (Unicode):
(hyperref)                removing `\infty' on input line 370.


Package hyperref Warning: Token not allowed in a PDF string (Unicode):
(hyperref)                removing `math shift' on input line 370.

[7] [8] [9]

LaTeX Warning: Command \d invalid in math mode on input line 564.


LaTeX Warning: Command \d invalid in math mode on input line 564.

[10] [11]
Overfull \hbox (12.8415pt too wide) in paragraph at lines 627--628
[]\OT1/cmr/m/n/12 Si pu^^Ro an-che scri-vere $[][]\OMS/cmsy/m/n/12 j\OML/cmm/m/
it/12 f[]\OT1/cmr/m/n/12 (\OML/cmm/m/it/12 x\OT1/cmr/m/n/12 ) \OMS/cmsy/m/n/12 
^^@ \OML/cmm/m/it/12 f\OT1/cmr/m/n/12 (\OML/cmm/m/it/12 x\OT1/cmr/m/n/12 )\OMS/
cmsy/m/n/12 j \OT1/cmr/m/n/12 = \OMS/cmsy/m/n/12 jj\OML/cmm/m/it/12 f[]\OT1/cmr
/m/n/12 (\OML/cmm/m/it/12 x\OT1/cmr/m/n/12 ) \OMS/cmsy/m/n/12 ^^@ \OML/cmm/m/it
/12 f\OT1/cmr/m/n/12 (\OML/cmm/m/it/12 x\OT1/cmr/m/n/12 )\OMS/cmsy/m/n/12 jj[]$
 \OT1/cmr/m/n/12 ma si perde l'informazione dell'intervallo. 
 []

[12] [13] [14] [15] [16] [17]

Package hyperref Warning: Token not allowed in a PDF string (Unicode):
(hyperref)                removing `math shift' on input line 925.


Package hyperref Warning: Token not allowed in a PDF string (Unicode):
(hyperref)                removing `superscript' on input line 925.


Package hyperref Warning: Token not allowed in a PDF string (Unicode):
(hyperref)                removing `math shift' on input line 925.

[18]) [19]
\openout2 = `./TeX_files/chapter02.aux'.

 (./TeX_files/chapter02.tex [20




]
Chapter 2.
[21]
<images/curva.png, id=1131, 694.595pt x 415.5525pt>
File: images/curva.png Graphic file (type png)
<use images/curva.png>
Package pdftex.def Info: images/curva.png  used on input line 94.
(pdftex.def)             Requested size: 262.61894pt x 157.11899pt.
 [22 <./images/curva.png>] [23] [24]
<images/coord_pol.png, id=1176, 264.99pt x 180.675pt>
File: images/coord_pol.png Graphic file (type png)
<use images/coord_pol.png>
Package pdftex.def Info: images/coord_pol.png  used on input line 246.
(pdftex.def)             Requested size: 262.61894pt x 179.07004pt.
 [25 <./images/coord_pol.png>] [26]
[27]
<images/int_curv.png, id=1223, 263.98625pt x 189.70876pt>
File: images/int_curv.png Graphic file (type png)
<use images/int_curv.png>
Package pdftex.def Info: images/int_curv.png  used on input line 424.
(pdftex.def)             Requested size: 262.61894pt x 188.73566pt.
 [28 <./images/int_curv.png>] [29]
<images/asteroide.png, id=1254, 513.92pt x 371.3875pt>
File: images/asteroide.png Graphic file (type png)
<use images/asteroide.png>
Package pdftex.def Info: images/asteroide.png  used on input line 510.
(pdftex.def)             Requested size: 210.09193pt x 151.82784pt.
 [30 <./images/asteroide.png>] [31])
[32]
\openout2 = `./TeX_files/chapter03.aux'.

 (./TeX_files/chapter03.tex
Chapter 3.

Package hyperref Warning: Token not allowed in a PDF string (Unicode):
(hyperref)                removing `math shift' on input line 1.


Package hyperref Warning: Token not allowed in a PDF string (Unicode):
(hyperref)                removing `superscript' on input line 1.


Package hyperref Warning: Token not allowed in a PDF string (Unicode):
(hyperref)                removing `math shift' on input line 1.


Package hyperref Warning: Token not allowed in a PDF string (Unicode):
(hyperref)                removing `math shift' on input line 20.


Package hyperref Warning: Token not allowed in a PDF string (Unicode):
(hyperref)                removing `math shift' on input line 20.


Package hyperref Warning: Token not allowed in a PDF string (Unicode):
(hyperref)                removing `math shift' on input line 33.


Package hyperref Warning: Token not allowed in a PDF string (Unicode):
(hyperref)                removing `superscript' on input line 33.


Package hyperref Warning: Token not allowed in a PDF string (Unicode):
(hyperref)                removing `math shift' on input line 33.

[33




]

Package hyperref Warning: Token not allowed in a PDF string (Unicode):
(hyperref)                removing `math shift' on input line 73.


Package hyperref Warning: Token not allowed in a PDF string (Unicode):
(hyperref)                removing `superscript' on input line 73.


Package hyperref Warning: Token not allowed in a PDF string (Unicode):
(hyperref)                removing `math shift' on input line 73.


Package hyperref Warning: Difference (2) between bookmark levels is greater 
(hyperref)                than one, level fixed on input line 91.

[34] [35] [36] [37] [38] [39] [40] [41] [42] [43]

Package hyperref Warning: Token not allowed in a PDF string (Unicode):
(hyperref)                removing `math shift' on input line 622.


Package hyperref Warning: Token not allowed in a PDF string (Unicode):
(hyperref)                removing `superscript' on input line 622.


Package hyperref Warning: Token not allowed in a PDF string (Unicode):
(hyperref)                removing `math shift' on input line 622.

[44] [45] [46] [47] [48] [49] [50]

Package hyperref Warning: Token not allowed in a PDF string (Unicode):
(hyperref)                removing `math shift' on input line 1005.


Package hyperref Warning: Token not allowed in a PDF string (Unicode):
(hyperref)                removing `superscript' on input line 1005.


Package hyperref Warning: Token not allowed in a PDF string (Unicode):
(hyperref)                removing `math shift' on input line 1005.


Package hyperref Warning: Token not allowed in a PDF string (Unicode):
(hyperref)                removing `math shift' on input line 1007.


Package hyperref Warning: Token not allowed in a PDF string (Unicode):
(hyperref)                removing `superscript' on input line 1007.


Package hyperref Warning: Token not allowed in a PDF string (Unicode):
(hyperref)                removing `math shift' on input line 1007.

[51]

Package hyperref Warning: Token not allowed in a PDF string (Unicode):
(hyperref)                removing `math shift' on input line 1095.


Package hyperref Warning: Token not allowed in a PDF string (Unicode):
(hyperref)                removing `superscript' on input line 1095.


Package hyperref Warning: Token not allowed in a PDF string (Unicode):
(hyperref)                removing `math shift' on input line 1095.

[52] [53] [54] [55]

LaTeX Font Warning: Command \scriptsize invalid in math mode on input line 1283
.


LaTeX Font Warning: Command \scriptsize invalid in math mode on input line 1283
.

[56]

Package hyperref Warning: Token not allowed in a PDF string (Unicode):
(hyperref)                removing `math shift' on input line 1330.


Package hyperref Warning: Token not allowed in a PDF string (Unicode):
(hyperref)                removing `superscript' on input line 1330.


Package hyperref Warning: Token not allowed in a PDF string (Unicode):
(hyperref)                removing `math shift' on input line 1330.

[57]
Overfull \hbox (40.93216pt too wide) in paragraph at lines 1370--1371
[]\OT1/cmr/m/n/12 Queste sono per^^Ro sem-plici ap-prossi-mazioni lin-eari. Se 
vo-lessimo au-mentare la pre-ci-sione dell'approssimazione
 []

[58] [59] [60]

LaTeX Font Warning: Command \scriptsize invalid in math mode on input line 1487
.


LaTeX Font Warning: Command \scriptsize invalid in math mode on input line 1487
.

[61] [62] [63] [64] [65] [66] [67] [68] [69] [70] [71] [72]

LaTeX Font Warning: Command \scriptsize invalid in math mode on input line 2100
.


LaTeX Font Warning: Command \scriptsize invalid in math mode on input line 2100
.


LaTeX Font Warning: Command \scriptsize invalid in math mode on input line 2100
.


LaTeX Font Warning: Command \scriptsize invalid in math mode on input line 2100
.


LaTeX Font Warning: Command \scriptsize invalid in math mode on input line 2107
.


LaTeX Font Warning: Command \scriptsize invalid in math mode on input line 2107
.


LaTeX Font Warning: Command \scriptsize invalid in math mode on input line 2107
.


LaTeX Font Warning: Command \scriptsize invalid in math mode on input line 2107
.


LaTeX Font Warning: Command \scriptsize invalid in math mode on input line 2107
.


LaTeX Font Warning: Command \scriptsize invalid in math mode on input line 2107
.


LaTeX Font Warning: Command \scriptsize invalid in math mode on input line 2107
.


LaTeX Font Warning: Command \scriptsize invalid in math mode on input line 2107
.

[73]
<images/f_impl1.png, id=1919, 522.95375pt x 335.2525pt>
File: images/f_impl1.png Graphic file (type png)
<use images/f_impl1.png>
Package pdftex.def Info: images/f_impl1.png  used on input line 2175.
(pdftex.def)             Requested size: 262.61894pt x 168.36247pt.
<images/f_impl2.png, id=1920, 208.78pt x 177.66376pt>
File: images/f_impl2.png Graphic file (type png)
<use images/f_impl2.png>
Package pdftex.def Info: images/f_impl2.png  used on input line 2182.
(pdftex.def)             Requested size: 157.57297pt x 134.096pt.
 [74 <./images/f_impl1.png> <./images/f_impl2.png>] [75] [76] [77]
Underfull \vbox (badness 10000) has occurred while \output is active []

 [78]
[79] [80] [81] [82] [83]

LaTeX Font Warning: Command \scriptsize invalid in math mode on input line 2683
.


LaTeX Font Warning: Command \scriptsize invalid in math mode on input line 2683
.


LaTeX Font Warning: Command \scriptsize invalid in math mode on input line 2725
.


LaTeX Font Warning: Command \scriptsize invalid in math mode on input line 2725
.

[84] [85] [86]

Package hyperref Warning: Token not allowed in a PDF string (Unicode):
(hyperref)                removing `math shift' on input line 2828.


Package hyperref Warning: Token not allowed in a PDF string (Unicode):
(hyperref)                removing `superscript' on input line 2828.


Package hyperref Warning: Token not allowed in a PDF string (Unicode):
(hyperref)                removing `math shift' on input line 2828.

[87] [88]
<images/esempio.png, id=2180, 661.47125pt x 401.5pt>
File: images/esempio.png Graphic file (type png)
<use images/esempio.png>
Package pdftex.def Info: images/esempio.png  used on input line 2924.
(pdftex.def)             Requested size: 262.61894pt x 159.4025pt.
 [89 <./images/esempio.png>]
<images/esempio2.png, id=2197, 676.5275pt x 313.17pt>
File: images/esempio2.png Graphic file (type png)
<use images/esempio2.png>
Package pdftex.def Info: images/esempio2.png  used on input line 2976.
(pdftex.def)             Requested size: 262.61894pt x 121.57193pt.
 [90 <./images/esempio2.png>] [91]

Package hyperref Warning: Token not allowed in a PDF string (Unicode):
(hyperref)                removing `math shift' on input line 3055.


Package hyperref Warning: Token not allowed in a PDF string (Unicode):
(hyperref)                removing `superscript' on input line 3055.


Package hyperref Warning: Token not allowed in a PDF string (Unicode):
(hyperref)                removing `math shift' on input line 3055.

[92] [93]
<images/esempio3.png, id=2253, 373.395pt x 338.26375pt>
File: images/esempio3.png Graphic file (type png)
<use images/esempio3.png>
Package pdftex.def Info: images/esempio3.png  used on input line 3120.
(pdftex.def)             Requested size: 262.61894pt x 237.91852pt.
 [94 <./images/esempio3.png>] [95] [96]
<images/IGL1.png, id=2298, 194.7275pt x 169.63374pt>
File: images/IGL1.png Graphic file (type png)
<use images/IGL1.png>
Package pdftex.def Info: images/IGL1.png  used on input line 3261.
(pdftex.def)             Requested size: 157.57297pt x 137.27055pt.
 [97 <./images/IGL1.png>]
<images/IGL2.png, id=2312, 202.7575pt x 145.54375pt>
File: images/IGL2.png Graphic file (type png)
<use images/IGL2.png>
Package pdftex.def Info: images/IGL2.png  used on input line 3275.
(pdftex.def)             Requested size: 157.57297pt x 113.11281pt.
<images/soppigro1.png, id=2313, 420.57124pt x 307.1475pt>
File: images/soppigro1.png Graphic file (type png)
<use images/soppigro1.png>
Package pdftex.def Info: images/soppigro1.png  used on input line 3287.
(pdftex.def)             Requested size: 525.23788pt x 383.5913pt.

[98 <./images/IGL2.png> <./images/soppigro1.png>] [99]
<images/esMDL1.png, id=2336, 385.44pt x 534.99875pt>
File: images/esMDL1.png Graphic file (type png)
<use images/esMDL1.png>
Package pdftex.def Info: images/esMDL1.png  used on input line 3323.
(pdftex.def)             Requested size: 525.23788pt x 729.04176pt.
 [100 <./images/esMDL1.png>]
<images/esMDL2.png, id=2343, 419.5675pt x 416.55624pt>
File: images/esMDL2.png Graphic file (type png)
<use images/esMDL2.png>
Package pdftex.def Info: images/esMDL2.png  used on input line 3330.
(pdftex.def)             Requested size: 525.23788pt x 521.46947pt.
) [101 <./images/esMDL2.png>]
\openout2 = `./TeX_files/chapter04.aux'.

 (./TeX_files/chapter04.tex [102




]
Chapter 4.
[103]
<images/esCV1.png, id=2367, 406.51875pt x 292.09125pt>
File: images/esCV1.png Graphic file (type png)
<use images/esCV1.png>
Package pdftex.def Info: images/esCV1.png  used on input line 72.
(pdftex.def)             Requested size: 525.23788pt x 377.4054pt.
 [104 <./images/esCV1.png>] [105]
<images/cequiv.png, id=2392, 212.795pt x 148.555pt>
File: images/cequiv.png Graphic file (type png)
<use images/cequiv.png>
Package pdftex.def Info: images/cequiv.png  used on input line 142.
(pdftex.def)             Requested size: 157.57297pt x 110.01057pt.
 [106 <./images/cequiv.png>]
<images/cscomp.png, id=2407, 214.8025pt x 112.42pt>
File: images/cscomp.png Graphic file (type png)
<use images/cscomp.png>
Package pdftex.def Info: images/cscomp.png  used on input line 169.
(pdftex.def)             Requested size: 157.57297pt x 82.46902pt.
 [107 <./images/cscomp.png>]
<images/cirr.png, id=2419, 405.515pt x 340.27126pt>
File: images/cirr.png Graphic file (type png)
<use images/cirr.png>
Package pdftex.def Info: images/cirr.png  used on input line 232.
(pdftex.def)             Requested size: 525.23788pt x 440.74301pt.
 [108 <./images/cirr.png>] [109]) [110]
\openout2 = `./TeX_files/chapter05.aux'.


(./TeX_files/chapter05.tex
Chapter 5.
[111




]
<images/insmis.png, id=2456, 282.05376pt x 206.7725pt>
File: images/insmis.png Graphic file (type png)
<use images/insmis.png>
Package pdftex.def Info: images/insmis.png  used on input line 62.
(pdftex.def)             Requested size: 262.61894pt x 192.53937pt.
 [112 <./images/insmis.png>] [113]
<images/insmises.png, id=2482, 985.6825pt x 428.60126pt>
File: images/insmises.png Graphic file (type png)
<use images/insmises.png>
Package pdftex.def Info: images/insmises.png  used on input line 167.
(pdftex.def)             Requested size: 525.23788pt x 228.40016pt.
 [114 <./images/insmises.png>]

Package hyperref Warning: Token not allowed in a PDF string (Unicode):
(hyperref)                removing `math shift' on input line 200.


Package hyperref Warning: Token not allowed in a PDF string (Unicode):
(hyperref)                removing `\cap' on input line 200.


Package hyperref Warning: Token not allowed in a PDF string (Unicode):
(hyperref)                removing `math shift' on input line 200.

[115] [116] [117] [118]
<images/fmisintes.png, id=2570, 957.5775pt x 431.6125pt>
File: images/fmisintes.png Graphic file (type png)
<use images/fmisintes.png>
Package pdftex.def Info: images/fmisintes.png  used on input line 419.
(pdftex.def)             Requested size: 525.23788pt x 236.74219pt.
 [119 <./images/fmisintes.png>]
<images/qo.png, id=2579, 412.54124pt x 344.28625pt>
File: images/qo.png Graphic file (type png)
<use images/qo.png>
Package pdftex.def Info: images/qo.png  used on input line 433.
(pdftex.def)             Requested size: 525.23788pt x 438.37865pt.
 [120 <./images/qo.png>]
<images/confras1.png, id=2585, 1019.81pt x 205.76875pt>
File: images/confras1.png Graphic file (type png)
<use images/confras1.png>
Package pdftex.def Info: images/confras1.png  used on input line 472.
(pdftex.def)             Requested size: 525.23788pt x 105.98306pt.
<images/confras2.png, id=2586, 949.5475pt x 195.73125pt>
File: images/confras2.png Graphic file (type png)
<use images/confras2.png>
Package pdftex.def Info: images/confras2.png  used on input line 476.
(pdftex.def)             Requested size: 525.23788pt x 108.27074pt.

[121 <./images/confras1.png> <./images/confras2.png>]
<images/conps.png, id=2603, 1074.0125pt x 365.365pt>
File: images/conps.png Graphic file (type png)
<use images/conps.png>
Package pdftex.def Info: images/conps.png  used on input line 517.
(pdftex.def)             Requested size: 525.23788pt x 178.67918pt.
 [122 <./images/conps.png>] [123]
<images/convdom.png, id=2629, 1040.88875pt x 474.77374pt>
File: images/convdom.png Graphic file (type png)
<use images/convdom.png>
Package pdftex.def Info: images/convdom.png  used on input line 593.
(pdftex.def)             Requested size: 525.23788pt x 239.57411pt.
 [124 <./images/convdom.png>]

Package hyperref Warning: Token not allowed in a PDF string (Unicode):
(hyperref)                removing `math shift' on input line 599.


Package hyperref Warning: Token not allowed in a PDF string (Unicode):
(hyperref)                removing `superscript' on input line 599.


Package hyperref Warning: Token not allowed in a PDF string (Unicode):
(hyperref)                removing `math shift' on input line 599.

[125] [126]
<images/derint.png, id=2672, 1187.43625pt x 643.40375pt>
File: images/derint.png Graphic file (type png)
<use images/derint.png>
Package pdftex.def Info: images/derint.png  used on input line 749.
(pdftex.def)             Requested size: 525.23788pt x 284.6006pt.
 [127 <./images/derint.png>] [128]

Package hyperref Warning: Token not allowed in a PDF string (Unicode):
(hyperref)                removing `math shift' on input line 757.


Package hyperref Warning: Token not allowed in a PDF string (Unicode):
(hyperref)                removing `superscript' on input line 757.


Package hyperref Warning: Token not allowed in a PDF string (Unicode):
(hyperref)                removing `math shift' on input line 757.

<images/misins.png, id=2687, 102.3825pt x 76.285pt>
File: images/misins.png Graphic file (type png)
<use images/misins.png>
Package pdftex.def Info: images/misins.png  used on input line 763.
(pdftex.def)             Requested size: 157.57297pt x 117.41522pt.
<images/misins2.png, id=2688, 124.465pt x 83.31125pt>
File: images/misins2.png Graphic file (type png)
<use images/misins2.png>
Package pdftex.def Info: images/misins2.png  used on input line 787.
(pdftex.def)             Requested size: 157.57297pt x 105.4812pt.
[129 <./images/misins.png> <./images/misins2.png>]
<images/misins3.png, id=2706, 126.4725pt x 121.45375pt>
File: images/misins3.png Graphic file (type png)
<use images/misins3.png>
Package pdftex.def Info: images/misins3.png  used on input line 806.
(pdftex.def)             Requested size: 157.57297pt x 151.32382pt.
 [130 <./images/misins3.png>] [131] [132] [133]
<images/cdmsup.png, id=2737, 419.5675pt x 370.38374pt>
File: images/cdmsup.png Graphic file (type png)
<use images/cdmsup.png>
Package pdftex.def Info: images/cdmsup.png  used on input line 875.
(pdftex.def)             Requested size: 525.23788pt x 463.66801pt.
 [134 <./images/cdmsup.png>]
<images/intstr.png, id=2745, 1025.8325pt x 560.0925pt>
File: images/intstr.png Graphic file (type png)
<use images/intstr.png>
Package pdftex.def Info: images/intstr.png  used on input line 897.
(pdftex.def)             Requested size: 525.23788pt x 286.7715pt.
<images/intfili.png, id=2746, 1088.065pt x 189.70876pt>
File: images/intfili.png Graphic file (type png)
<use images/intfili.png>
Package pdftex.def Info: images/intfili.png  used on input line 912.
(pdftex.def)             Requested size: 525.23788pt x 91.5802pt.
 [135 <./images/intstr.png> <./images/intfili.png>] [136]
<images/intimp1.png, id=2764, 1066.98625pt x 395.4775pt>
File: images/intimp1.png Graphic file (type png)
<use images/intimp1.png>
Package pdftex.def Info: images/intimp1.png  used on input line 951.
(pdftex.def)             Requested size: 525.23788pt x 194.6848pt.
 [137 <./images/intimp1.png>]
<images/intimp2.png, id=2773, 1104.125pt x 273.02pt>
File: images/intimp2.png Graphic file (type png)
<use images/intimp2.png>
Package pdftex.def Info: images/intimp2.png  used on input line 970.
(pdftex.def)             Requested size: 525.23788pt x 129.88164pt.
<images/intimp3.png, id=2774, 874.26625pt x 238.8925pt>
File: images/intimp3.png Graphic file (type png)
<use images/intimp3.png>
Package pdftex.def Info: images/intimp3.png  used on input line 974.
(pdftex.def)             Requested size: 525.23788pt x 143.5225pt.
<images/intimp4.png, id=2775, 1069.9975pt x 354.32375pt>
File: images/intimp4.png Graphic file (type png)
<use images/intimp4.png>
Package pdftex.def Info: images/intimp4.png  used on input line 985.
(pdftex.def)             Requested size: 525.23788pt x 173.93373pt.
) [138 <./images/intimp2.png> <./images/intimp3.png> <./images/intimp4.png>] (.
/analisi_vettoriale.aux
(./TeX_files/chapter01.aux) (./TeX_files/chapter02.aux)
(./TeX_files/chapter03.aux) (./TeX_files/chapter04.aux)
(./TeX_files/chapter05.aux))

LaTeX Warning: There were multiply-defined labels.

Package rerunfilecheck Info: File `analisi_vettoriale.out' has not changed.
(rerunfilecheck)             Checksum: 43A0987BD4440367662C61C684F567B4;32118.
 ) 
Here is how much of TeX's memory you used:
 12995 strings out of 478287
 205057 string characters out of 5849289
 488858 words of memory out of 5000000
 29370 multiletter control sequences out of 15000+600000
 488379 words of font info for 103 fonts, out of 8000000 for 9000
 1141 hyphenation exceptions out of 8191
 60i,21n,63p,477b,526s stack positions out of 5000i,500n,10000p,200000b,80000s
</usr/share/texlive/texmf-dist/fonts/type1/public/bbold-type1/bbold10.pfb></u
sr/share/texlive/texmf-dist/fonts/type1/public/bbold-type1/bbold7.pfb></usr/sha
re/texlive/texmf-dist/fonts/type1/public/amsfonts/cm/cmbx12.pfb></usr/share/tex
live/texmf-dist/fonts/type1/public/amsfonts/cm/cmbxti10.pfb></usr/share/texlive
/texmf-dist/fonts/type1/public/amsfonts/cm/cmex10.pfb></usr/share/texlive/texmf
-dist/fonts/type1/public/amsfonts/cm/cmmi10.pfb></usr/share/texlive/texmf-dist/
fonts/type1/public/amsfonts/cm/cmmi12.pfb></usr/share/texlive/texmf-dist/fonts/
type1/public/amsfonts/cm/cmmi6.pfb></usr/share/texlive/texmf-dist/fonts/type1/p
ublic/amsfonts/cm/cmmi8.pfb></usr/share/texlive/texmf-dist/fonts/type1/public/a
msfonts/cm/cmmib10.pfb></usr/share/texlive/texmf-dist/fonts/type1/public/amsfon
ts/cm/cmr10.pfb></usr/share/texlive/texmf-dist/fonts/type1/public/amsfonts/cm/c
mr12.pfb></usr/share/texlive/texmf-dist/fonts/type1/public/amsfonts/cm/cmr17.pf
b></usr/share/texlive/texmf-dist/fonts/type1/public/amsfonts/cm/cmr6.pfb></usr/
share/texlive/texmf-dist/fonts/type1/public/amsfonts/cm/cmr8.pfb></usr/share/te
xlive/texmf-dist/fonts/type1/public/amsfonts/cm/cmsl12.pfb></usr/share/texlive/
texmf-dist/fonts/type1/public/amsfonts/cm/cmsy10.pfb></usr/share/texlive/texmf-
dist/fonts/type1/public/amsfonts/cm/cmsy6.pfb></usr/share/texlive/texmf-dist/fo
nts/type1/public/amsfonts/cm/cmsy8.pfb></usr/share/texlive/texmf-dist/fonts/typ
e1/public/amsfonts/cm/cmti12.pfb></usr/share/texlive/texmf-dist/fonts/type1/pub
lic/amsfonts/latxfont/line10.pfb></usr/share/texlive/texmf-dist/fonts/type1/pub
lic/amsfonts/symbols/msam10.pfb></usr/share/texlive/texmf-dist/fonts/type1/publ
ic/amsfonts/symbols/msbm10.pfb>
Output written on analisi_vettoriale.pdf (144 pages, 8946447 bytes).
PDF statistics:
 3211 PDF objects out of 3580 (max. 8388607)
 2910 compressed objects within 30 object streams
 1568 named destinations out of 1728 (max. 500000)
 1439 words of extra memory for PDF output out of 10000 (max. 10000000)

