\BOOKMARK [0][-]{chapter.1}{\376\377\000S\000p\000a\000z\000i\000\040\000m\000e\000t\000r\000i\000c\000i\000\040\000e\000\040\000s\000u\000c\000c\000e\000s\000s\000i\000o\000n\000i\000\040\000d\000i\000\040\000f\000u\000n\000z\000i\000o\000n\000i}{}% 1
\BOOKMARK [1][-]{section.1.1}{\376\377\000D\000i\000s\000t\000a\000n\000z\000e}{chapter.1}% 2
\BOOKMARK [1][-]{section.1.2}{\376\377\000I\000n\000t\000o\000r\000n\000i}{chapter.1}% 3
\BOOKMARK [1][-]{section.1.3}{\376\377\000E\000s\000e\000m\000p\000i\000\040\000d\000i\000\040\000m\000e\000t\000r\000i\000c\000h\000e}{chapter.1}% 4
\BOOKMARK [2][-]{subsection.1.3.1}{\376\377\000M\000e\000t\000r\000i\000c\000a\000\040\000d\000i\000s\000c\000r\000e\000t\000a}{section.1.3}% 5
\BOOKMARK [2][-]{subsection.1.3.2}{\376\377\000M\000e\000t\000r\000i\000c\000a\000\040\000E\000u\000c\000l\000i\000d\000e\000a}{section.1.3}% 6
\BOOKMARK [2][-]{subsection.1.3.3}{\376\377\000M\000e\000t\000r\000i\000c\000h\000e\000\040\000"\000e\000q\000u\000i\000v\000a\000l\000e\000n\000t\000i\000"}{section.1.3}% 7
\BOOKMARK [1][-]{section.1.4}{\376\377\000S\000p\000a\000z\000i\000o\000\040\000d\000e\000l\000l\000e\000\040\000f\000u\000n\000z\000i\000o\000n\000i\000\040\000c\000o\000n\000t\000i\000n\000u\000e}{chapter.1}% 8
\BOOKMARK [1][-]{section.1.5}{\376\377\000S\000p\000a\000z\000i\000\040\000n\000o\000r\000m\000a\000t\000i}{chapter.1}% 9
\BOOKMARK [1][-]{section.1.6}{\376\377\000T\000i\000p\000o\000l\000o\000g\000i\000e\000\040\000d\000i\000\040\000p\000u\000n\000t\000i}{chapter.1}% 10
\BOOKMARK [1][-]{section.1.7}{\376\377\000S\000u\000c\000c\000e\000s\000s\000i\000o\000n\000i}{chapter.1}% 11
\BOOKMARK [2][-]{subsection.1.7.1}{\376\377\000S\000u\000c\000c\000e\000s\000s\000i\000o\000n\000i\000\040\000c\000o\000n\000v\000e\000r\000g\000e\000n\000t\000i}{section.1.7}% 12
\BOOKMARK [2][-]{subsection.1.7.2}{\376\377\000S\000u\000c\000c\000e\000s\000s\000i\000o\000n\000i\000\040\000d\000i\000\040\000C\000a\000u\000c\000h\000y}{section.1.7}% 13
\BOOKMARK [1][-]{section.1.8}{\376\377\000S\000p\000a\000z\000i}{chapter.1}% 14
\BOOKMARK [2][-]{subsection.1.8.1}{\376\377\000S\000p\000a\000z\000i\000\040\000c\000o\000m\000p\000a\000t\000t\000i}{section.1.8}% 15
\BOOKMARK [2][-]{subsection.1.8.2}{\376\377\000S\000p\000a\000z\000i\000\040\000c\000o\000m\000p\000l\000e\000t\000i}{section.1.8}% 16
\BOOKMARK [3][-]{subsubsection.1.8.2.1}{\376\377\000S\000p\000a\000z\000i\000\040\000c\000o\000m\000p\000l\000e\000t\000i\000\040\000\050\000E\000x\000.\000\051}{subsection.1.8.2}% 17
\BOOKMARK [3][-]{subsubsection.1.8.2.2}{\376\377\000S\000p\000a\000z\000i\000\040\000n\000o\000n\000\040\000c\000o\000m\000p\000l\000e\000t\000i\000\040\000\050\000E\000x\000.\000\051}{subsection.1.8.2}% 18
\BOOKMARK [3][-]{subsubsection.1.8.2.3}{\376\377\000\050\000C\0000\000\050\000[\000a\000,\000b\000]\000\051\000,\000\040\000|\000|\000|\000|\000\051\000\040\000\050\000E\000x\000.\000\051}{subsection.1.8.2}% 19
\BOOKMARK [2][-]{subsection.1.8.3}{\376\377\000S\000p\000a\000z\000i\000\040\000d\000i\000\040\000B\000a\000n\000a\000c\000h}{section.1.8}% 20
\BOOKMARK [1][-]{section.1.9}{\376\377\000F\000u\000n\000z\000i\000o\000n\000i\000\040\000C\000o\000n\000t\000i\000n\000u\000e}{chapter.1}% 21
\BOOKMARK [2][-]{subsection.1.9.1}{\376\377\000L\000i\000p\000s\000c\000h\000i\000t\000z\000i\000a\000n\000i\000t\000\340\000\040\000d\000i\000\040\000u\000n\000a\000\040\000f\000u\000n\000z\000i\000o\000n\000e}{section.1.9}% 22
\BOOKMARK [2][-]{subsection.1.9.2}{\376\377\000C\000o\000n\000t\000r\000a\000z\000i\000o\000n\000i}{section.1.9}% 23
\BOOKMARK [3][-]{subsubsection.1.9.2.1}{\376\377\000E\000s\000e\000m\000p\000i\000o\000\040\000d\000i\000\040\000c\000o\000n\000t\000r\000a\000z\000i\000o\000n\000e}{subsection.1.9.2}% 24
\BOOKMARK [3][-]{subsubsection.1.9.2.2}{\376\377\000T\000e\000o\000r\000e\000m\000a\000\040\000d\000i\000\040\000B\000a\000n\000a\000c\000h\000-\000C\000a\000c\000c\000i\000o\000p\000o\000l\000i\000\040\000\050\000P\000r\000i\000n\000c\000i\000p\000i\000o\000\040\000d\000i\000\040\000c\000o\000n\000t\000r\000a\000z\000i\000o\000n\000e\000\051}{subsection.1.9.2}% 25
\BOOKMARK [1][-]{section.1.10}{\376\377\000S\000u\000c\000c\000e\000s\000s\000i\000o\000n\000i\000\040\000d\000i\000\040\000f\000u\000n\000z\000i\000o\000n\000i}{chapter.1}% 26
\BOOKMARK [2][-]{subsection.1.10.1}{\376\377\000C\000r\000i\000t\000e\000r\000i\000\040\000d\000i\000\040\000c\000o\000n\000v\000e\000r\000g\000e\000n\000z\000a}{section.1.10}% 27
\BOOKMARK [3][-]{subsubsection.1.10.1.1}{\376\377\000C\000o\000n\000v\000e\000r\000g\000e\000n\000z\000a\000\040\000P\000u\000n\000t\000u\000a\000l\000e}{subsection.1.10.1}% 28
\BOOKMARK [3][-]{subsubsection.1.10.1.2}{\376\377\000C\000o\000n\000v\000e\000r\000g\000e\000n\000z\000a\000\040\000U\000n\000i\000f\000o\000r\000m\000e}{subsection.1.10.1}% 29
\BOOKMARK [3][-]{subsubsection.1.10.1.3}{\376\377\000E\000s\000e\000m\000p\000i}{subsection.1.10.1}% 30
\BOOKMARK [2][-]{subsection.1.10.2}{\376\377\000T\000e\000o\000r\000e\000m\000i\000\040\000s\000u\000l\000l\000e\000\040\000s\000u\000c\000c\000e\000s\000s\000i\000o\000n\000i}{section.1.10}% 31
\BOOKMARK [3][-]{subsubsection.1.10.2.1}{\376\377\000P\000r\000i\000m\000o\000\040\000T\000e\000o\000r\000e\000m\000a}{subsection.1.10.2}% 32
\BOOKMARK [3][-]{subsubsection.1.10.2.2}{\376\377\000S\000e\000c\000o\000n\000d\000o\000\040\000T\000e\000o\000r\000e\000m\000a\000\040\000\050\000S\000c\000a\000m\000b\000i\000o\000\040\000L\000i\000m\000i\000t\000e\000\040\000e\000\040\000I\000n\000t\000e\000g\000r\000a\000l\000e\000\051}{subsection.1.10.2}% 33
\BOOKMARK [3][-]{subsubsection.1.10.2.3}{\376\377\000T\000e\000r\000z\000o\000\040\000T\000e\000o\000r\000e\000m\000a\000\040\000\050\000S\000c\000a\000m\000b\000i\000o\000\040\000D\000e\000r\000i\000v\000a\000t\000a\000\040\000e\000\040\000L\000i\000m\000i\000t\000e\000\051}{subsection.1.10.2}% 34
\BOOKMARK [2][-]{subsection.1.10.3}{\376\377\000C\000o\000m\000p\000l\000e\000t\000e\000z\000z\000a\000\040\000d\000i\000\040\000C\0001\000\050\000[\000a\000,\000b\000]\000\051}{section.1.10}% 35
\BOOKMARK [0][-]{chapter.2}{\376\377\000C\000u\000r\000v\000e\000\040\000e\000d\000\040\000i\000n\000t\000e\000g\000r\000a\000l\000i\000\040\000c\000u\000r\000v\000i\000l\000i\000n\000e\000i}{}% 36
\BOOKMARK [1][-]{section.2.1}{\376\377\000C\000u\000r\000v\000e}{chapter.2}% 37
\BOOKMARK [2][-]{subsection.2.1.1}{\376\377\000C\000u\000r\000v\000e\000\040\000r\000e\000g\000o\000l\000a\000r\000i}{section.2.1}% 38
\BOOKMARK [3][-]{subsubsection.2.1.1.1}{\376\377\000E\000s\000e\000m\000p\000i\000\040\000d\000i\000\040\000c\000u\000r\000v\000e\000\040\000r\000e\000g\000o\000l\000a\000r\000i\000\040\000a\000\040\000t\000r\000a\000t\000t\000i}{subsection.2.1.1}% 39
\BOOKMARK [2][-]{subsection.2.1.2}{\376\377\000C\000u\000r\000v\000e\000\040\000s\000e\000m\000p\000l\000i\000c\000i}{section.2.1}% 40
\BOOKMARK [2][-]{subsection.2.1.3}{\376\377\000C\000u\000r\000v\000e\000\040\000e\000q\000u\000i\000v\000a\000l\000e\000n\000t\000i}{section.2.1}% 41
\BOOKMARK [2][-]{subsection.2.1.4}{\376\377\000L\000u\000n\000g\000h\000e\000z\000z\000a\000\040\000d\000i\000\040\000u\000n\000a\000\040\000c\000u\000r\000v\000a}{section.2.1}% 42
\BOOKMARK [3][-]{subsubsection.2.1.4.1}{\376\377\000E\000s\000e\000m\000p\000i\000o\000:\000\040\000E\000l\000i\000c\000a\000\040\000C\000i\000l\000i\000n\000d\000r\000i\000c\000a}{subsection.2.1.4}% 43
\BOOKMARK [3][-]{subsubsection.2.1.4.2}{\376\377\000F\000o\000r\000m\000a\000\040\000c\000a\000r\000t\000e\000s\000i\000a\000n\000a}{subsection.2.1.4}% 44
\BOOKMARK [3][-]{subsubsection.2.1.4.3}{\376\377\000L\000u\000n\000g\000h\000e\000z\000z\000e\000\040\000d\000i\000\040\000c\000u\000r\000v\000e\000\040\000e\000q\000u\000i\000v\000a\000l\000e\000n\000t\000i}{subsection.2.1.4}% 45
\BOOKMARK [2][-]{subsection.2.1.5}{\376\377\000A\000s\000c\000i\000s\000s\000a\000\040\000c\000u\000r\000v\000i\000l\000i\000n\000e\000a}{section.2.1}% 46
\BOOKMARK [2][-]{subsection.2.1.6}{\376\377\000C\000u\000r\000v\000e\000\040\000i\000n\000\040\000f\000o\000r\000m\000a\000\040\000p\000o\000l\000a\000r\000e}{section.2.1}% 47
\BOOKMARK [2][-]{subsection.2.1.7}{\376\377\000E\000s\000e\000m\000p\000i\000\040\000d\000i\000\040\000c\000u\000r\000v\000e}{section.2.1}% 48
\BOOKMARK [3][-]{subsubsection.2.1.7.1}{\376\377\000C\000i\000c\000l\000o\000i\000d\000e}{subsection.2.1.7}% 49
\BOOKMARK [3][-]{subsubsection.2.1.7.2}{\376\377\000E\000l\000l\000i\000t\000t\000i\000c\000a}{subsection.2.1.7}% 50
\BOOKMARK [3][-]{subsubsection.2.1.7.3}{\376\377\000C\000a\000r\000d\000i\000o\000i\000d\000e\000\040\000\050\000c\000u\000r\000v\000a\000\040\000i\000n\000\040\000f\000o\000r\000m\000a\000\040\000p\000o\000l\000a\000r\000e\000\051}{subsection.2.1.7}% 51
\BOOKMARK [3][-]{subsubsection.2.1.7.4}{\376\377\000S\000p\000i\000r\000a\000l\000e\000\040\000l\000o\000g\000a\000r\000i\000t\000m\000i\000c\000a}{subsection.2.1.7}% 52
\BOOKMARK [3][-]{subsubsection.2.1.7.5}{\376\377\000S\000p\000i\000r\000a\000l\000e\000\040\000d\000i\000\040\000A\000r\000c\000h\000i\000m\000e\000d\000e}{subsection.2.1.7}% 53
\BOOKMARK [1][-]{section.2.2}{\376\377\000I\000n\000t\000e\000g\000r\000a\000l\000i\000\040\000c\000u\000r\000v\000i\000l\000i\000n\000e\000i}{chapter.2}% 54
\BOOKMARK [2][-]{subsection.2.2.1}{\376\377\000I\000n\000t\000e\000g\000r\000a\000l\000i\000\040\000c\000u\000r\000v\000i\000l\000i\000n\000e\000i\000\040\000d\000i\000\040\000I\000\040\000t\000i\000p\000o\000\040\000\050\000o\000\040\000d\000i\000\040\000f\000u\000n\000z\000i\000o\000n\000e\000\051}{section.2.2}% 55
\BOOKMARK [2][-]{subsection.2.2.2}{\376\377\000E\000s\000e\000m\000p\000i\000\040\000d\000i\000\040\000I\000.\000C\000.\000\040\000d\000i\000\040\000I\000o\000\040\000t\000i\000p\000o}{section.2.2}% 56
\BOOKMARK [2][-]{subsection.2.2.3}{\376\377\000B\000a\000r\000i\000c\000e\000n\000t\000o\000\040\000\050\000o\000\040\000c\000e\000n\000t\000r\000o\000\040\000d\000i\000\040\000m\000a\000s\000s\000a\000\051\000\040\000d\000i\000\040\000u\000n\000a\000\040\000c\000u\000r\000v\000a}{section.2.2}% 57
\BOOKMARK [2][-]{subsection.2.2.4}{\376\377\000I\000n\000t\000e\000g\000r\000a\000l\000i\000\040\000c\000u\000r\000v\000i\000l\000i\000n\000e\000i\000\040\000d\000i\000\040\000I\000I\000\040\000t\000i\000p\000o\000\040\000\050\000o\000\040\000d\000i\000\040\000c\000a\000m\000p\000o\000\040\000v\000e\000t\000t\000o\000r\000i\000a\000l\000e\000\051}{section.2.2}% 58
\BOOKMARK [3][-]{subsubsection.2.2.4.1}{\376\377\000E\000s\000e\000m\000p\000i\000\040\000d\000i\000\040\000I\000n\000t\000e\000g\000r\000a\000l\000i\000\040\000c\000u\000r\000v\000i\000l\000i\000n\000e\000i\000\040\000d\000i\000\040\000I\000I\000\040\000t\000i\000p\000o}{subsection.2.2.4}% 59
\BOOKMARK [0][-]{chapter.3}{\376\377\000F\000u\000n\000z\000i\000o\000n\000i\000\040\000i\000n\000\040\000R\000n}{}% 60
\BOOKMARK [1][-]{section.3.1}{\376\377\000L\000i\000m\000i\000t\000i\000\040\000d\000i\000\040\000f\000u\000n\000z\000i\000o\000n\000i}{chapter.3}% 61
\BOOKMARK [2][-]{subsection.3.1.1}{\376\377\000L\000i\000m\000i\000t\000i\000\040\000i\000n\000\040\000R}{section.3.1}% 62
\BOOKMARK [1][-]{section.3.2}{\376\377\000F\000u\000n\000z\000i\000o\000n\000i\000\040\000c\000o\000n\000t\000i\000n\000u\000e\000\040\000i\000n\000\040\000R\000n}{chapter.3}% 63
\BOOKMARK [2][-]{subsection.3.2.1}{\376\377\000C\000o\000n\000n\000e\000s\000s\000i\000o\000n\000e}{section.3.2}% 64
\BOOKMARK [2][-]{subsection.3.2.2}{\376\377\000T\000e\000o\000r\000e\000m\000i\000\040\000s\000u\000l\000l\000e\000\040\000f\000u\000n\000z\000i\000o\000n\000i\000\040\000c\000o\000n\000t\000i\000n\000u\000e}{section.3.2}% 65
\BOOKMARK [1][-]{section.3.3}{\376\377\000F\000u\000n\000z\000i\000o\000n\000i\000\040\000i\000n\000\040\000R\0002}{chapter.3}% 66
\BOOKMARK [2][-]{subsubsection.3.3.0.1}{\376\377\000E\000s\000e\000m\000p\000i\000\040\000d\000i\000\040\000c\000a\000l\000c\000o\000l\000o\000\040\000d\000e\000l\000l\000'\000i\000n\000s\000i\000e\000m\000e\000\040\000d\000i\000\040\000d\000e\000f\000i\000n\000i\000z\000i\000o\000n\000e}{section.3.3}% 67
\BOOKMARK [3][-]{subsubsection.3.3.0.2}{\376\377\000F\000u\000n\000z\000i\000o\000n\000i\000\040\000r\000a\000d\000i\000a\000l\000i}{subsubsection.3.3.0.1}% 68
\BOOKMARK [2][-]{subsection.3.3.1}{\376\377\000C\000a\000l\000c\000o\000l\000o\000\040\000d\000e\000i\000\040\000l\000i\000m\000i\000t\000i}{section.3.3}% 69
\BOOKMARK [3][-]{subsubsection.3.3.1.1}{\376\377\000C\000a\000l\000c\000o\000l\000o\000\040\000d\000e\000i\000\040\000l\000i\000m\000i\000t\000i\000\040\000i\000n\000\040\000f\000o\000r\000m\000a\000\040\000p\000o\000l\000a\000r\000e}{subsection.3.3.1}% 70
\BOOKMARK [3][-]{subsubsection.3.3.1.2}{\376\377\000E\000s\000e\000m\000p\000i\000\040\000d\000i\000\040\000c\000a\000l\000c\000o\000l\000o\000\040\000d\000i\000\040\000l\000i\000m\000i\000t\000i}{subsection.3.3.1}% 71
\BOOKMARK [2][-]{subsection.3.3.2}{\376\377\000F\000u\000n\000z\000i\000o\000n\000i\000\040\000d\000e\000r\000i\000v\000a\000b\000i\000l\000i}{section.3.3}% 72
\BOOKMARK [3][-]{subsubsection.3.3.2.1}{\376\377\000D\000e\000r\000i\000v\000a\000t\000e\000\040\000P\000a\000r\000z\000i\000a\000l\000i\000\040\000e\000\040\000d\000e\000r\000i\000v\000a\000b\000i\000l\000i\000t\000\340}{subsection.3.3.2}% 73
\BOOKMARK [3][-]{subsubsection.3.3.2.2}{\376\377\000D\000e\000r\000i\000v\000a\000t\000e\000\040\000d\000i\000r\000e\000z\000i\000o\000n\000a\000l\000i}{subsection.3.3.2}% 74
\BOOKMARK [2][-]{subsection.3.3.3}{\376\377\000D\000i\000f\000f\000e\000r\000e\000n\000z\000i\000a\000l\000i\000b\000i\000t\000\340}{section.3.3}% 75
\BOOKMARK [3][-]{subsubsection.3.3.3.1}{\376\377\000T\000e\000o\000r\000e\000m\000i\000\040\000s\000u\000l\000l\000e\000\040\000f\000u\000n\000z\000i\000o\000n\000i\000\040\000d\000i\000f\000f\000e\000r\000e\000n\000z\000i\000a\000b\000i\000l\000i}{subsection.3.3.3}% 76
\BOOKMARK [3][-]{subsubsection.3.3.3.2}{\376\377\000P\000i\000a\000n\000i\000\040\000t\000a\000n\000g\000e\000n\000t\000i\000\040\000i\000n\000\040\000R\0003}{subsection.3.3.3}% 77
\BOOKMARK [3][-]{subsubsection.3.3.3.3}{\376\377\000E\000s\000e\000m\000p\000i\000\040\000s\000u\000l\000l\000a\000\040\000d\000i\000f\000f\000e\000r\000e\000n\000z\000i\000a\000b\000i\000l\000i\000t\000\340}{subsection.3.3.3}% 78
\BOOKMARK [3][-]{subsubsection.3.3.3.4}{\376\377\000T\000e\000o\000r\000e\000m\000a\000\040\000d\000e\000l\000\040\000D\000i\000f\000f\000e\000r\000e\000n\000z\000i\000a\000l\000e\000\040\000T\000o\000t\000a\000l\000e}{subsection.3.3.3}% 79
\BOOKMARK [2][-]{subsection.3.3.4}{\376\377\000E\000s\000e\000r\000c\000i\000z\000i\000o\000\040\000d\000a\000\040\000e\000s\000a\000m\000e}{section.3.3}% 80
\BOOKMARK [1][-]{section.3.4}{\376\377\000P\000r\000o\000p\000o\000s\000i\000z\000i\000o\000n\000e\000\040\000s\000u\000g\000l\000i\000\040\000i\000n\000s\000i\000e\000m\000i}{chapter.3}% 81
\BOOKMARK [1][-]{section.3.5}{\376\377\000F\000u\000n\000z\000i\000o\000n\000i\000\040\000i\000n\000\040\000R\000n}{chapter.3}% 82
\BOOKMARK [2][-]{subsection.3.5.1}{\376\377\000D\000e\000r\000i\000v\000a\000z\000i\000o\000n\000e\000\040\000d\000i\000\040\000f\000u\000n\000z\000i\000o\000n\000i\000\040\000c\000o\000m\000p\000o\000s\000t\000e\000\040\000i\000n\000\040\000R\000n}{section.3.5}% 83
\BOOKMARK [3][-]{subsubsection.3.5.1.1}{\376\377\000E\000s\000e\000m\000p\000i\000o}{subsection.3.5.1}% 84
\BOOKMARK [2][-]{subsection.3.5.2}{\376\377\000F\000u\000n\000z\000i\000o\000n\000i\000\040\000c\000o\000m\000p\000o\000s\000t\000e\000\040\000e\000\040\000c\000u\000r\000v\000e\000\040\000d\000i\000\040\000l\000i\000v\000e\000l\000l\000o}{section.3.5}% 85
\BOOKMARK [2][-]{subsection.3.5.3}{\376\377\000T\000e\000o\000r\000e\000m\000a\000\040\000d\000i\000\040\000L\000a\000g\000r\000a\000n\000g\000e\000\040\000\050\000o\000\040\000d\000e\000l\000\040\000v\000a\000l\000o\000r\000\040\000m\000e\000d\000i\000o\000\051\000\040\000i\000n\000\040\000R\000n}{section.3.5}% 86
\BOOKMARK [2][-]{subsection.3.5.4}{\376\377\000T\000e\000o\000r\000e\000m\000a\000\040\000d\000e\000l\000l\000e\000\040\000f\000u\000n\000z\000i\000o\000n\000i\000\040\000c\000o\000s\000t\000a\000n\000t\000i}{section.3.5}% 87
\BOOKMARK [3][-]{subsubsection.3.5.4.1}{\376\377\000E\000s\000e\000m\000p\000i\000o}{subsection.3.5.4}% 88
\BOOKMARK [2][-]{subsection.3.5.5}{\376\377\000D\000e\000r\000i\000v\000a\000t\000e\000\040\000s\000u\000c\000c\000e\000s\000s\000i\000v\000e}{section.3.5}% 89
\BOOKMARK [2][-]{subsection.3.5.6}{\376\377\000T\000e\000o\000r\000e\000m\000a\000\040\000d\000i\000\040\000S\000c\000h\000w\000a\000r\000t\000z}{section.3.5}% 90
\BOOKMARK [2][-]{subsection.3.5.7}{\376\377\000F\000u\000n\000z\000i\000o\000n\000i\000\040\000v\000e\000t\000t\000o\000r\000i\000a\000l\000i}{section.3.5}% 91
\BOOKMARK [3][-]{subsubsection.3.5.7.1}{\376\377\000D\000e\000r\000i\000v\000a\000z\000i\000o\000n\000e\000\040\000d\000i\000\040\000f\000u\000n\000z\000i\000o\000n\000i\000\040\000c\000o\000m\000p\000o\000s\000t\000e\000\040\000v\000e\000t\000t\000o\000r\000i\000a\000l\000i}{subsection.3.5.7}% 92
\BOOKMARK [2][-]{subsection.3.5.8}{\376\377\000F\000o\000r\000m\000u\000l\000a\000\040\000d\000i\000\040\000T\000a\000y\000l\000o\000r\000\040\000i\000n\000\040\000R\000n}{section.3.5}% 93
\BOOKMARK [3][-]{subsubsection.3.5.8.1}{\376\377\000A\000p\000p\000r\000o\000s\000s\000i\000m\000a\000z\000i\000o\000n\000e\000\040\000a\000l\000\040\000I\000\040\000o\000r\000d\000i\000n\000e\000\040\000c\000o\000n\000\040\000r\000e\000s\000t\000o\000\040\000d\000i\000\040\000L\000a\000g\000r\000a\000n\000g\000e\000\040\000a\000l\000\040\000I\000I\000\040\000o\000r\000d\000i\000n\000e}{subsection.3.5.8}% 94
\BOOKMARK [3][-]{subsubsection.3.5.8.2}{\376\377\000A\000p\000p\000r\000o\000s\000s\000i\000m\000a\000z\000i\000o\000n\000e\000\040\000a\000l\000\040\000I\000I\000\040\000o\000r\000d\000i\000n\000e\000\040\000c\000o\000n\000\040\000r\000e\000s\000t\000o\000\040\000d\000i\000\040\000P\000e\000a\000n\000o}{subsection.3.5.8}% 95
\BOOKMARK [3][-]{subsubsection.3.5.8.3}{\376\377\000E\000s\000e\000m\000p\000i\000o\000\040\000d\000i\000\040\000P\000d\000T\000\040\000d\000e\000l\000\040\0001\000o\000\040\000o\000r\000d\000i\000n\000e}{subsection.3.5.8}% 96
\BOOKMARK [2][-]{subsection.3.5.9}{\376\377\000P\000u\000n\000t\000i\000\040\000c\000r\000i\000t\000i\000c\000i\000\040\000p\000e\000r\000\040\000f\000u\000n\000z\000i\000o\000n\000i\000\040\000a\000\040\000p\000i\000\371\000\040\000v\000a\000r\000i\000a\000b\000i\000l\000i}{section.3.5}% 97
\BOOKMARK [3][-]{subsubsection.3.5.9.1}{\376\377\000T\000e\000o\000r\000e\000m\000a\000\040\000d\000i\000\040\000F\000e\000r\000m\000a\000t\000\040\000p\000e\000r\000\040\000p\000u\000n\000t\000i\000\040\000c\000r\000i\000t\000i\000c\000i\000\040\000i\000n\000t\000e\000r\000n\000i}{subsection.3.5.9}% 98
\BOOKMARK [3][-]{subsubsection.3.5.9.2}{\376\377\000F\000o\000r\000m\000e\000\040\000q\000u\000a\000d\000r\000a\000t\000i\000c\000h\000e}{subsection.3.5.9}% 99
\BOOKMARK [2][-]{subsection.3.5.10}{\376\377\000C\000l\000a\000s\000s\000i\000f\000i\000c\000a\000z\000i\000o\000n\000e\000\040\000d\000e\000i\000\040\000p\000u\000n\000t\000i\000\040\000c\000r\000i\000t\000i\000c\000i\000\040\000i\000n\000t\000e\000r\000n\000i}{section.3.5}% 100
\BOOKMARK [2][-]{subsection.3.5.11}{\376\377\000F\000u\000n\000z\000i\000o\000n\000i\000\040\000c\000o\000n\000v\000e\000s\000s\000e}{section.3.5}% 101
\BOOKMARK [2][-]{subsection.3.5.12}{\376\377\000R\000i\000c\000e\000r\000c\000a\000\040\000d\000e\000i\000\040\000p\000u\000n\000t\000i\000\040\000c\000r\000i\000t\000i\000c\000i}{section.3.5}% 102
\BOOKMARK [2][-]{subsection.3.5.13}{\376\377\000P\000u\000n\000t\000i\000\040\000c\000r\000i\000t\000i\000c\000i\000\040\000d\000i\000\040\000f\000u\000n\000z\000i\000o\000n\000i\000\040\000c\000o\000e\000r\000c\000i\000t\000i\000v\000e}{section.3.5}% 103
\BOOKMARK [1][-]{section.3.6}{\376\377\000F\000u\000n\000z\000i\000o\000n\000i\000\040\000i\000m\000p\000l\000i\000c\000i\000t\000e}{chapter.3}% 104
\BOOKMARK [2][-]{subsection.3.6.1}{\376\377\000T\000h\000.\000\040\000d\000i\000\040\000D\000i\000n\000i\000\040\000p\000e\000r\000\040\000f\000u\000n\000z\000i\000o\000n\000i\000\040\000s\000c\000a\000l\000a\000r\000i\000\040\000a\000d\000\040\000u\000n\000a\000\040\000v\000a\000r\000i\000a\000b\000i\000l\000e}{section.3.6}% 105
\BOOKMARK [2][-]{subsection.3.6.2}{\376\377\000E\000s\000e\000m\000p\000i\000\040\000d\000i\000\040\000e\000s\000e\000r\000c\000i\000z\000i}{section.3.6}% 106
\BOOKMARK [2][-]{subsection.3.6.3}{\376\377\000T\000e\000o\000r\000e\000m\000a\000\040\000d\000i\000\040\000D\000i\000n\000i\000\040\000p\000e\000r\000\040\000f\000u\000n\000z\000i\000o\000n\000i\000\040\000s\000c\000a\000l\000a\000r\000i\000\040\000a\000\040\000p\000i\000\371\000\040\000v\000a\000r\000i\000a\000b\000i\000l\000i}{section.3.6}% 107
\BOOKMARK [2][-]{subsection.3.6.4}{\376\377\000T\000e\000o\000r\000e\000m\000a\000\040\000d\000i\000\040\000D\000i\000n\000i\000\040\000p\000e\000r\000\040\000s\000i\000s\000t\000e\000m\000i\000\040\000d\000i\000\040\000f\000u\000n\000z\000i\000o\000n\000i}{section.3.6}% 108
\BOOKMARK [2][-]{subsection.3.6.5}{\376\377\000T\000e\000o\000r\000e\000m\000a\000\040\000d\000i\000\040\000D\000i\000n\000i\000\040\000n\000e\000l\000\040\000c\000a\000s\000o\000\040\000g\000e\000n\000e\000r\000a\000l\000e}{section.3.6}% 109
\BOOKMARK [2][-]{subsection.3.6.6}{\376\377\000I\000n\000v\000e\000r\000t\000i\000b\000i\000l\000i\000t\000\340\000\040\000L\000o\000c\000a\000l\000e}{section.3.6}% 110
\BOOKMARK [1][-]{section.3.7}{\376\377\000P\000u\000n\000t\000i\000\040\000d\000i\000\040\000m\000a\000s\000s\000i\000m\000o\000\040\000e\000\040\000m\000i\000n\000i\000m\000o\000\040\000v\000i\000n\000c\000o\000l\000a\000t\000i}{chapter.3}% 111
\BOOKMARK [2][-]{subsection.3.7.1}{\376\377\000M\000e\000t\000o\000d\000o\000\040\000d\000e\000i\000\040\000M\000o\000l\000t\000i\000p\000l\000i\000c\000a\000t\000o\000r\000i\000\040\000d\000i\000\040\000L\000a\000g\000r\000a\000n\000g\000e\000\040\000i\000n\000\040\000R\0002}{section.3.7}% 112
\BOOKMARK [2][-]{subsection.3.7.2}{\376\377\000E\000s\000e\000m\000p\000i}{section.3.7}% 113
\BOOKMARK [2][-]{subsection.3.7.3}{\376\377\000M\000e\000t\000o\000d\000o\000\040\000d\000e\000i\000\040\000M\000o\000l\000t\000i\000p\000l\000i\000c\000a\000t\000o\000r\000i\000\040\000d\000i\000\040\000L\000a\000g\000r\000a\000n\000g\000e\000\040\000i\000n\000\040\000R\0003}{section.3.7}% 114
\BOOKMARK [2][-]{subsection.3.7.4}{\376\377\000I\000n\000t\000e\000r\000p\000r\000e\000t\000a\000z\000i\000o\000n\000e\000\040\000g\000e\000o\000m\000e\000t\000r\000i\000c\000a\000\040\000d\000e\000i\000\040\000m\000o\000l\000t\000i\000p\000l\000i\000c\000a\000t\000o\000r\000i\000\040\000d\000i\000\040\000L\000a\000g\000r\000a\000n\000g\000e}{section.3.7}% 115
\BOOKMARK [2][-]{subsection.3.7.5}{\376\377\000O\000s\000s\000.\000\040\000s\000u\000i\000\040\000p\000u\000n\000t\000i\000\040\000c\000r\000i\000t\000i\000c\000i}{section.3.7}% 116
\BOOKMARK [2][-]{subsection.3.7.6}{\376\377\000M\000e\000t\000o\000d\000o\000\040\000d\000e\000i\000\040\000M\000o\000l\000t\000i\000p\000l\000i\000c\000a\000t\000o\000r\000i\000\040\000d\000i\000\040\000L\000a\000g\000r\000a\000n\000g\000e\000\040\000n\000e\000l\000\040\000c\000a\000s\000o\000\040\000g\000e\000n\000e\000r\000a\000l\000e}{section.3.7}% 117
\BOOKMARK [0][-]{chapter.4}{\376\377\000C\000a\000m\000p\000i\000\040\000c\000o\000n\000s\000e\000r\000v\000a\000t\000i\000v\000i\000\040\000e\000\040\000i\000r\000r\000o\000t\000a\000z\000i\000o\000n\000a\000l\000i}{}% 118
\BOOKMARK [1][-]{section.4.1}{\376\377\000R\000i\000c\000h\000i\000a\000m\000o\000\040\000s\000u\000i\000\040\000c\000a\000m\000p\000i\000\040\000v\000e\000t\000t\000o\000r\000i\000a\000l\000i}{chapter.4}% 119
\BOOKMARK [1][-]{section.4.2}{\376\377\000F\000o\000r\000m\000e\000\040\000l\000i\000n\000e\000a\000r\000i}{chapter.4}% 120
\BOOKMARK [1][-]{section.4.3}{\376\377\000C\000a\000m\000p\000i\000\040\000c\000o\000n\000s\000e\000r\000v\000a\000t\000i\000v\000i}{chapter.4}% 121
\BOOKMARK [2][-]{subsection.4.3.1}{\376\377\000C\000a\000r\000a\000t\000t\000e\000r\000i\000z\000z\000a\000z\000i\000o\000n\000e\000\040\000d\000e\000i\000\040\000c\000a\000m\000p\000i\000\040\000c\000o\000n\000s\000e\000r\000v\000a\000t\000i\000v\000i}{section.4.3}% 122
\BOOKMARK [1][-]{section.4.4}{\376\377\000D\000o\000m\000i\000n\000i\000\040\000s\000e\000m\000p\000l\000i\000c\000e\000m\000e\000n\000t\000e\000\040\000c\000o\000n\000n\000e\000s\000s\000i}{chapter.4}% 123
\BOOKMARK [1][-]{section.4.5}{\376\377\000L\000e\000m\000m\000a\000\040\000d\000i\000\040\000P\000o\000i\000n\000c\000a\000r\000r\000\351}{chapter.4}% 124
\BOOKMARK [0][-]{chapter.5}{\376\377\000I\000n\000t\000e\000g\000r\000a\000l\000i}{}% 125
\BOOKMARK [1][-]{section.5.1}{\376\377\000I\000n\000t\000e\000g\000r\000a\000l\000i\000\040\000a\000\040\000p\000i\000\371\000\040\000v\000a\000r\000i\000a\000b\000i\000l\000i}{chapter.5}% 126
\BOOKMARK [2][-]{subsection.5.1.1}{\376\377\000M\000i\000s\000u\000r\000a\000\040\000d\000i\000\040\000P\000e\000a\000n\000o\000-\000J\000o\000r\000d\000a\000n\000\040\000e\000\040\000i\000n\000t\000e\000g\000r\000a\000b\000i\000l\000i\000t\000\340\000\040\000s\000e\000c\000o\000n\000d\000o\000\040\000R\000i\000e\000m\000a\000n\000n}{section.5.1}% 127
\BOOKMARK [2][-]{subsection.5.1.2}{\376\377\000M\000i\000s\000u\000r\000a\000\040\000d\000i\000\040\000L\000e\000b\000e\000s\000g\000u\000e}{section.5.1}% 128
\BOOKMARK [3][-]{subsubsection.5.1.2.1}{\376\377\000I\000n\000s\000i\000e\000m\000i\000\040\000m\000i\000s\000u\000r\000a\000b\000i\000l\000i}{subsection.5.1.2}% 129
\BOOKMARK [3][-]{subsubsection.5.1.2.2}{\376\377\000I\000n\000s\000i\000e\000m\000i\000\040\000m\000i\000s\000u\000r\000a\000b\000i\000l\000i\000\040\000s\000e\000c\000o\000n\000d\000o\000\040\000L\000e\000b\000e\000s\000g\000u\000e}{subsection.5.1.2}% 130
\BOOKMARK [3][-]{subsubsection.5.1.2.3}{\376\377\000T\000e\000o\000r\000e\000m\000i\000\040\000s\000u\000g\000l\000i\000\040\000i\000n\000s\000i\000e\000m\000i\000\040\000m\000i\000s\000u\000r\000a\000b\000i\000l\000i}{subsection.5.1.2}% 131
\BOOKMARK [3][-]{subsubsection.5.1.2.4}{\376\377\000M\000i\000s\000u\000r\000a\000b\000i\000l\000i\000t\000\340\000\040\000d\000i\000\040\000Q\000[\0000\000,\0001\000]\000\040\000s\000e\000c\000o\000n\000d\000o\000\040\000L\000e\000b\000e\000s\000g\000u\000e}{subsection.5.1.2}% 132
\BOOKMARK [3][-]{subsubsection.5.1.2.5}{\376\377\000I\000n\000s\000i\000e\000m\000e\000\040\000d\000i\000\040\000C\000a\000n\000t\000o\000r}{subsection.5.1.2}% 133
\BOOKMARK [3][-]{subsubsection.5.1.2.6}{\376\377\000M\000i\000s\000u\000r\000a\000b\000i\000l\000i\000t\000\340\000\040\000d\000i\000\040\000i\000n\000s\000i\000e\000m\000i\000\040\000c\000h\000i\000u\000s\000i\000\040\000e\000\040\000a\000p\000e\000r\000t\000i\000\040\000s\000e\000c\000o\000n\000d\000o\000\040\000L\000e\000b\000e\000s\000g\000u\000e}{subsection.5.1.2}% 134
\BOOKMARK [3][-]{subsubsection.5.1.2.7}{\376\377\000M\000i\000s\000u\000r\000a\000\040\000d\000i\000\040\000u\000n\000\040\000p\000r\000o\000d\000o\000t\000t\000o\000\040\000t\000r\000a\000\040\000s\000p\000a\000z\000i}{subsection.5.1.2}% 135
\BOOKMARK [1][-]{section.5.2}{\376\377\000I\000n\000t\000e\000g\000r\000a\000l\000i\000\040\000d\000i\000\040\000L\000e\000b\000e\000s\000g\000u\000e}{chapter.5}% 136
\BOOKMARK [2][-]{subsection.5.2.1}{\376\377\000P\000r\000o\000p\000r\000i\000e\000t\000\340\000\040\000d\000e\000g\000l\000i\000\040\000i\000n\000t\000e\000g\000r\000a\000l\000i\000\040\000d\000i\000\040\000L\000e\000b\000e\000s\000g\000u\000e}{section.5.2}% 137
\BOOKMARK [2][-]{subsection.5.2.2}{\376\377\000F\000u\000n\000z\000i\000o\000n\000i\000\040\000m\000i\000s\000u\000r\000a\000b\000i\000l\000i}{section.5.2}% 138
\BOOKMARK [2][-]{subsection.5.2.3}{\376\377\000"\000Q\000u\000a\000s\000i\000\040\000O\000v\000u\000n\000q\000u\000e\000"}{section.5.2}% 139
\BOOKMARK [2][-]{subsection.5.2.4}{\376\377\000C\000r\000i\000t\000e\000r\000i\000o\000\040\000d\000e\000l\000\040\000c\000o\000n\000f\000r\000o\000n\000t\000o\000\040\000p\000e\000r\000\040\000l\000a\000\040\000s\000o\000m\000m\000a\000b\000i\000l\000i\000t\000\340}{section.5.2}% 140
\BOOKMARK [2][-]{subsection.5.2.5}{\376\377\000C\000r\000i\000t\000e\000r\000i\000o\000\040\000d\000e\000l\000\040\000c\000o\000n\000f\000r\000o\000n\000t\000o\000\040\000a\000s\000i\000n\000t\000o\000t\000i\000c\000o}{section.5.2}% 141
\BOOKMARK [2][-]{subsection.5.2.6}{\376\377\000T\000e\000o\000r\000e\000m\000a\000\040\000d\000i\000\040\000p\000a\000s\000s\000a\000g\000g\000i\000o\000\040\000a\000l\000\040\000l\000i\000m\000i\000t\000e}{section.5.2}% 142
\BOOKMARK [2][-]{subsection.5.2.7}{\376\377\000T\000e\000o\000r\000e\000m\000a\000\040\000d\000i\000\040\000c\000o\000n\000v\000e\000r\000g\000e\000n\000z\000a\000\040\000d\000i\000\040\000P\000o\000e\000n\000o\000-\000S\000e\000g\000r\000e}{section.5.2}% 143
\BOOKMARK [2][-]{subsection.5.2.8}{\376\377\000S\000c\000a\000m\000b\000i\000o\000\040\000t\000r\000a\000\040\000s\000o\000m\000m\000a\000\040\000e\000\040\000i\000n\000t\000e\000g\000r\000a\000l\000e\000\040\000p\000e\000r\000\040\000s\000e\000r\000i\000e\000\040\000a\000\040\000t\000e\000r\000m\000i\000n\000i\000\040\000n\000o\000n\000\040\000n\000e\000g\000a\000t\000i\000v\000i}{section.5.2}% 144
\BOOKMARK [2][-]{subsection.5.2.9}{\376\377\000T\000e\000o\000r\000e\000m\000a\000\040\000d\000i\000\040\000L\000e\000b\000e\000s\000g\000u\000e\000\040\000p\000e\000r\000\040\000l\000a\000\040\000c\000o\000n\000v\000e\000r\000g\000e\000n\000z\000a\000\040\000d\000o\000m\000i\000n\000a\000t\000a}{section.5.2}% 145
\BOOKMARK [2][-]{subsection.5.2.10}{\376\377\000S\000p\000a\000z\000i\000\040\000d\000i\000\040\000L\000e\000b\000e\000s\000g\000u\000e\000\040\000L\000p}{section.5.2}% 146
\BOOKMARK [2][-]{subsection.5.2.11}{\376\377\000D\000e\000r\000i\000v\000a\000z\000i\000o\000n\000e\000\040\000s\000o\000t\000t\000o\000\040\000s\000e\000g\000n\000o\000\040\000d\000i\000\040\000i\000n\000t\000e\000g\000r\000a\000l\000e}{section.5.2}% 147
\BOOKMARK [2][-]{subsection.5.2.12}{\376\377\000M\000i\000s\000u\000r\000a\000\040\000d\000i\000\040\000i\000n\000s\000i\000e\000m\000i\000\040\000i\000n\000\040\000R\0002}{section.5.2}% 148
\BOOKMARK [2][-]{subsection.5.2.13}{\376\377\000T\000e\000o\000r\000e\000m\000a\000\040\000d\000i\000\040\000F\000u\000b\000i\000n\000i}{section.5.2}% 149
\BOOKMARK [2][-]{subsection.5.2.14}{\376\377\000C\000e\000n\000t\000r\000o\000\040\000d\000i\000\040\000M\000a\000s\000s\000a\000\040\000d\000i\000\040\000u\000n\000a\000\040\000s\000u\000p\000e\000r\000f\000i\000c\000i\000e}{section.5.2}% 150
\BOOKMARK [2][-]{subsection.5.2.15}{\376\377\000C\000a\000l\000c\000o\000l\000o\000\040\000d\000e\000i\000\040\000v\000o\000l\000u\000m\000i}{section.5.2}% 151
\BOOKMARK [2][-]{subsection.5.2.16}{\376\377\000C\000a\000m\000b\000i\000o\000\040\000d\000i\000\040\000v\000a\000r\000i\000a\000b\000i\000l\000i\000\040\000\050\000M\000A\000N\000C\000A\000N\000T\000E\000\051}{section.5.2}% 152
\BOOKMARK [1][-]{section.5.3}{\376\377\000I\000n\000t\000e\000g\000r\000a\000l\000i\000\040\000i\000m\000p\000r\000o\000p\000r\000i\000\040\000d\000i\000\040\000R\000i\000e\000m\000a\000n\000n}{chapter.5}% 153
\BOOKMARK [2][-]{subsection.5.3.1}{\376\377\000I\000n\000t\000e\000g\000r\000a\000l\000i\000\040\000i\000m\000p\000r\000o\000p\000r\000i\000\040\000d\000i\000\040\000I\000o\000\040\000t\000i\000p\000o}{section.5.3}% 154
\BOOKMARK [2][-]{subsection.5.3.2}{\376\377\000I\000n\000t\000e\000g\000r\000a\000l\000i\000\040\000i\000m\000p\000r\000o\000p\000r\000i\000\040\000d\000i\000\040\000I\000I\000o\000\040\000t\000i\000p\000o}{section.5.3}% 155
\BOOKMARK [2][-]{subsection.5.3.3}{\376\377\000C\000r\000i\000t\000e\000r\000i\000o\000\040\000d\000e\000l\000\040\000c\000o\000n\000f\000r\000o\000n\000t\000o\000\040\000p\000e\000r\000\040\000i\000n\000t\000e\000g\000r\000a\000l\000i\000\040\000j\000m\000p\000r\000o\000p\000r\000i}{section.5.3}% 156
